  Building Custom Rule C:/Users/ttn/Desktop/libtiff_visual_studio/tiff-4.4.0/libtiff/CMakeLists.txt
  tif_aux.c
  tif_close.c
  tif_codec.c
  tif_color.c
  tif_compress.c
  tif_dir.c
  tif_dirinfo.c
  tif_dirread.c
  tif_dirwrite.c
  tif_dumpmode.c
  tif_error.c
  tif_extension.c
  tif_fax3.c
  tif_fax3sm.c
  tif_flush.c
  tif_getimage.c
  tif_jbig.c
  tif_jpeg.c
  tif_jpeg_12.c
  tif_lerc.c
  Generating Code...
  Compiling...
  tif_luv.c
  tif_lzma.c
  tif_lzw.c
  tif_next.c
  tif_ojpeg.c
  tif_open.c
  tif_packbits.c
  tif_pixarlog.c
  tif_predict.c
  tif_print.c
  tif_read.c
  tif_strip.c
  tif_swab.c
  tif_thunder.c
  tif_tile.c
  tif_version.c
  tif_warning.c
  tif_webp.c
  tif_write.c
  tif_zip.c
  Generating Code...
  Compiling...
  tif_zstd.c
  tif_win32.c
  Generating Code...
  tiff.vcxproj -> C:\Users\ttn\Desktop\libtiff_visual_studio\Project1\x64\Debug\tiffd.dll
